<?xml version="1.0" encoding="UTF-8"?>
<coverage generated="1776463052343" clover="3.2.0">
  <project timestamp="1776463052343" name="All files">
    <metrics statements="44" coveredstatements="44" conditionals="25" coveredconditionals="23" methods="29" coveredmethods="29" elements="98" coveredelements="96" complexity="0" loc="44" ncloc="44" packages="2" files="4" classes="4"/>
    <package name="stores">
      <metrics statements="29" coveredstatements="29" conditionals="12" coveredconditionals="10" methods="21" coveredmethods="21"/>
      <file name="inspectionStore.ts" path="/Users/bradduderstadt/Dev/first-source/LotCheck/src/stores/inspectionStore.ts">
        <metrics statements="23" coveredstatements="23" conditionals="12" coveredconditionals="10" methods="15" coveredmethods="15"/>
        <line num="18" count="1" type="stmt"/>
        <line num="20" count="1" type="stmt"/>
        <line num="25" count="18" type="stmt"/>
        <line num="31" count="18" type="stmt"/>
        <line num="32" count="18" type="stmt"/>
        <line num="36" count="11" type="stmt"/>
        <line num="37" count="11" type="cond" truecount="2" falsecount="0"/>
        <line num="38" count="11" type="stmt"/>
        <line num="40" count="11" type="cond" truecount="2" falsecount="0"/>
        <line num="41" count="2" type="stmt"/>
        <line num="42" count="2" type="cond" truecount="1" falsecount="1"/>
        <line num="45" count="9" type="stmt"/>
        <line num="50" count="9" type="stmt"/>
        <line num="52" count="11" type="stmt"/>
        <line num="57" count="4" type="cond" truecount="2" falsecount="0"/>
        <line num="58" count="4" type="stmt"/>
        <line num="59" count="4" type="stmt"/>
        <line num="61" count="4" type="cond" truecount="1" falsecount="1"/>
        <line num="69" count="3" type="stmt"/>
        <line num="70" count="3" type="stmt"/>
        <line num="71" count="4" type="stmt"/>
        <line num="75" count="5" type="cond" truecount="2" falsecount="0"/>
        <line num="77" count="1" type="stmt"/>
      </file>
      <file name="purchaseStore.ts" path="/Users/bradduderstadt/Dev/first-source/LotCheck/src/stores/purchaseStore.ts">
        <metrics statements="6" coveredstatements="6" conditionals="0" coveredconditionals="0" methods="6" coveredmethods="6"/>
        <line num="13" count="1" type="stmt"/>
        <line num="15" count="1" type="stmt"/>
        <line num="19" count="2" type="stmt"/>
        <line num="22" count="3" type="stmt"/>
        <line num="23" count="3" type="stmt"/>
        <line num="26" count="1" type="stmt"/>
      </file>
    </package>
    <package name="utils">
      <metrics statements="15" coveredstatements="15" conditionals="13" coveredconditionals="13" methods="8" coveredmethods="8"/>
      <file name="uuid.ts" path="/Users/bradduderstadt/Dev/first-source/LotCheck/src/utils/uuid.ts">
        <metrics statements="3" coveredstatements="3" conditionals="2" coveredconditionals="2" methods="2" coveredmethods="2"/>
        <line num="2" count="27" type="stmt"/>
        <line num="3" count="837" type="stmt"/>
        <line num="4" count="837" type="cond" truecount="2" falsecount="0"/>
      </file>
      <file name="verdict.ts" path="/Users/bradduderstadt/Dev/first-source/LotCheck/src/utils/verdict.ts">
        <metrics statements="12" coveredstatements="12" conditionals="11" coveredconditionals="11" methods="6" coveredmethods="6"/>
        <line num="4" count="17" type="stmt"/>
        <line num="5" count="14" type="cond" truecount="2" falsecount="0"/>
        <line num="6" count="14" type="cond" truecount="2" falsecount="0"/>
        <line num="7" count="14" type="stmt"/>
        <line num="9" count="10" type="stmt"/>
        <line num="10" count="10" type="cond" truecount="2" falsecount="0"/>
        <line num="11" count="6" type="cond" truecount="2" falsecount="0"/>
        <line num="13" count="10" type="stmt"/>
        <line num="17" count="3" type="cond" truecount="3" falsecount="0"/>
        <line num="18" count="1" type="stmt"/>
        <line num="19" count="1" type="stmt"/>
        <line num="20" count="1" type="stmt"/>
      </file>
    </package>
  </project>
</coverage>
