{"/Users/bradduderstadt/Dev/first-source/LotCheck/src/stores/inspectionStore.ts": {"path":"/Users/bradduderstadt/Dev/first-source/LotCheck/src/stores/inspectionStore.ts","statementMap":{"0":{"start":{"line":18,"column":34},"end":{"line":79,"column":1}},"1":{"start":{"line":20,"column":19},"end":{"line":76,"column":5}},"2":{"start":{"line":25,"column":39},"end":{"line":30,"column":9}},"3":{"start":{"line":31,"column":8},"end":{"line":31,"column":68}},"4":{"start":{"line":31,"column":18},"end":{"line":31,"column":65}},"5":{"start":{"line":32,"column":8},"end":{"line":32,"column":26}},"6":{"start":{"line":36,"column":8},"end":{"line":53,"column":11}},"7":{"start":{"line":37,"column":27},"end":{"line":37,"column":54}},"8":{"start":{"line":38,"column":22},"end":{"line":38,"column":82}},"9":{"start":{"line":38,"column":46},"end":{"line":38,"column":81}},"10":{"start":{"line":40,"column":10},"end":{"line":51,"column":11}},"11":{"start":{"line":41,"column":12},"end":{"line":43,"column":14}},"12":{"start":{"line":42,"column":14},"end":{"line":42,"column":91}},"13":{"start":{"line":45,"column":44},"end":{"line":49,"column":13}},"14":{"start":{"line":50,"column":12},"end":{"line":50,"column":45}},"15":{"start":{"line":52,"column":10},"end":{"line":52,"column":68}},"16":{"start":{"line":57,"column":22},"end":{"line":57,"column":53}},"17":{"start":{"line":58,"column":28},"end":{"line":58,"column":49}},"18":{"start":{"line":59,"column":8},"end":{"line":65,"column":12}},"19":{"start":{"line":59,"column":18},"end":{"line":65,"column":9}},"20":{"start":{"line":61,"column":12},"end":{"line":63,"column":17}},"21":{"start":{"line":69,"column":8},"end":{"line":72,"column":11}},"22":{"start":{"line":70,"column":49},"end":{"line":70,"column":56}},"23":{"start":{"line":71,"column":10},"end":{"line":71,"column":96}},"24":{"start":{"line":71,"column":58},"end":{"line":71,"column":69}},"25":{"start":{"line":75,"column":34},"end":{"line":75,"column":65}},"26":{"start":{"line":77,"column":69},"end":{"line":77,"column":81}}},"fnMap":{"0":{"name":"(anonymous_0)","decl":{"start":{"line":20,"column":4},"end":{"line":20,"column":5}},"loc":{"start":{"line":20,"column":19},"end":{"line":76,"column":5}},"line":20},"1":{"name":"(anonymous_1)","decl":{"start":{"line":24,"column":24},"end":{"line":24,"column":25}},"loc":{"start":{"line":24,"column":60},"end":{"line":33,"column":7}},"line":24},"2":{"name":"(anonymous_2)","decl":{"start":{"line":31,"column":12},"end":{"line":31,"column":13}},"loc":{"start":{"line":31,"column":18},"end":{"line":31,"column":65}},"line":31},"3":{"name":"(anonymous_3)","decl":{"start":{"line":35,"column":18},"end":{"line":35,"column":19}},"loc":{"start":{"line":35,"column":59},"end":{"line":54,"column":7}},"line":35},"4":{"name":"(anonymous_4)","decl":{"start":{"line":36,"column":12},"end":{"line":36,"column":13}},"loc":{"start":{"line":36,"column":17},"end":{"line":53,"column":9}},"line":36},"5":{"name":"(anonymous_5)","decl":{"start":{"line":38,"column":41},"end":{"line":38,"column":42}},"loc":{"start":{"line":38,"column":46},"end":{"line":38,"column":81}},"line":38},"6":{"name":"(anonymous_6)","decl":{"start":{"line":41,"column":35},"end":{"line":41,"column":36}},"loc":{"start":{"line":42,"column":14},"end":{"line":42,"column":91}},"line":42},"7":{"name":"(anonymous_7)","decl":{"start":{"line":56,"column":26},"end":{"line":56,"column":27}},"loc":{"start":{"line":56,"column":44},"end":{"line":66,"column":7}},"line":56},"8":{"name":"(anonymous_8)","decl":{"start":{"line":59,"column":12},"end":{"line":59,"column":13}},"loc":{"start":{"line":59,"column":18},"end":{"line":65,"column":9}},"line":59},"9":{"name":"(anonymous_9)","decl":{"start":{"line":60,"column":41},"end":{"line":60,"column":42}},"loc":{"start":{"line":61,"column":12},"end":{"line":63,"column":17}},"line":61},"10":{"name":"(anonymous_10)","decl":{"start":{"line":68,"column":24},"end":{"line":68,"column":25}},"loc":{"start":{"line":68,"column":32},"end":{"line":73,"column":7}},"line":68},"11":{"name":"(anonymous_11)","decl":{"start":{"line":69,"column":12},"end":{"line":69,"column":13}},"loc":{"start":{"line":69,"column":17},"end":{"line":72,"column":9}},"line":69},"12":{"name":"(anonymous_12)","decl":{"start":{"line":71,"column":53},"end":{"line":71,"column":54}},"loc":{"start":{"line":71,"column":58},"end":{"line":71,"column":69}},"line":71},"13":{"name":"(anonymous_13)","decl":{"start":{"line":75,"column":16},"end":{"line":75,"column":17}},"loc":{"start":{"line":75,"column":34},"end":{"line":75,"column":65}},"line":75},"14":{"name":"(anonymous_14)","decl":{"start":{"line":77,"column":63},"end":{"line":77,"column":64}},"loc":{"start":{"line":77,"column":69},"end":{"line":77,"column":81}},"line":77}},"branchMap":{"0":{"loc":{"start":{"line":37,"column":27},"end":{"line":37,"column":54}},"type":"binary-expr","locations":[{"start":{"line":37,"column":27},"end":{"line":37,"column":48}},{"start":{"line":37,"column":52},"end":{"line":37,"column":54}}],"line":37},"1":{"loc":{"start":{"line":40,"column":10},"end":{"line":51,"column":11}},"type":"if","locations":[{"start":{"line":40,"column":10},"end":{"line":51,"column":11}},{"start":{"line":44,"column":17},"end":{"line":51,"column":11}}],"line":40},"2":{"loc":{"start":{"line":42,"column":14},"end":{"line":42,"column":91}},"type":"cond-expr","locations":[{"start":{"line":42,"column":26},"end":{"line":42,"column":84}},{"start":{"line":42,"column":87},"end":{"line":42,"column":91}}],"line":42},"3":{"loc":{"start":{"line":57,"column":22},"end":{"line":57,"column":53}},"type":"binary-expr","locations":[{"start":{"line":57,"column":22},"end":{"line":57,"column":47}},{"start":{"line":57,"column":51},"end":{"line":57,"column":53}}],"line":57},"4":{"loc":{"start":{"line":61,"column":12},"end":{"line":63,"column":17}},"type":"cond-expr","locations":[{"start":{"line":62,"column":16},"end":{"line":62,"column":90}},{"start":{"line":63,"column":16},"end":{"line":63,"column":17}}],"line":61},"5":{"loc":{"start":{"line":75,"column":34},"end":{"line":75,"column":65}},"type":"binary-expr","locations":[{"start":{"line":75,"column":34},"end":{"line":75,"column":59}},{"start":{"line":75,"column":63},"end":{"line":75,"column":65}}],"line":75}},"s":{"0":1,"1":1,"2":18,"3":18,"4":18,"5":18,"6":11,"7":11,"8":11,"9":3,"10":11,"11":2,"12":2,"13":9,"14":9,"15":11,"16":4,"17":4,"18":4,"19":4,"20":4,"21":3,"22":3,"23":3,"24":4,"25":5,"26":1},"f":{"0":1,"1":18,"2":18,"3":11,"4":11,"5":3,"6":2,"7":4,"8":4,"9":4,"10":3,"11":3,"12":4,"13":5,"14":1},"b":{"0":[11,8],"1":[2,9],"2":[2,0],"3":[4,1],"4":[4,0],"5":[5,1]},"_coverageSchema":"1a1c01bbd47fc00a2c39e90264f33305004495a9","hash":"b0f7f3906424ab9d3569aa63c939f28c097e6fea"}
,"/Users/bradduderstadt/Dev/first-source/LotCheck/src/stores/purchaseStore.ts": {"path":"/Users/bradduderstadt/Dev/first-source/LotCheck/src/stores/purchaseStore.ts","statementMap":{"0":{"start":{"line":13,"column":32},"end":{"line":28,"column":1}},"1":{"start":{"line":15,"column":19},"end":{"line":25,"column":5}},"2":{"start":{"line":19,"column":8},"end":{"line":19,"column":78}},"3":{"start":{"line":19,"column":18},"end":{"line":19,"column":75}},"4":{"start":{"line":22,"column":30},"end":{"line":22,"column":35}},"5":{"start":{"line":23,"column":8},"end":{"line":23,"column":61}},"6":{"start":{"line":23,"column":46},"end":{"line":23,"column":56}},"7":{"start":{"line":26,"column":67},"end":{"line":26,"column":79}}},"fnMap":{"0":{"name":"(anonymous_0)","decl":{"start":{"line":15,"column":4},"end":{"line":15,"column":5}},"loc":{"start":{"line":15,"column":19},"end":{"line":25,"column":5}},"line":15},"1":{"name":"(anonymous_1)","decl":{"start":{"line":18,"column":19},"end":{"line":18,"column":20}},"loc":{"start":{"line":18,"column":31},"end":{"line":20,"column":7}},"line":18},"2":{"name":"(anonymous_2)","decl":{"start":{"line":19,"column":12},"end":{"line":19,"column":13}},"loc":{"start":{"line":19,"column":18},"end":{"line":19,"column":75}},"line":19},"3":{"name":"(anonymous_3)","decl":{"start":{"line":21,"column":24},"end":{"line":21,"column":25}},"loc":{"start":{"line":21,"column":36},"end":{"line":24,"column":7}},"line":21},"4":{"name":"(anonymous_4)","decl":{"start":{"line":23,"column":41},"end":{"line":23,"column":42}},"loc":{"start":{"line":23,"column":46},"end":{"line":23,"column":56}},"line":23},"5":{"name":"(anonymous_5)","decl":{"start":{"line":26,"column":61},"end":{"line":26,"column":62}},"loc":{"start":{"line":26,"column":67},"end":{"line":26,"column":79}},"line":26}},"branchMap":{},"s":{"0":1,"1":1,"2":2,"3":2,"4":3,"5":3,"6":2,"7":1},"f":{"0":1,"1":2,"2":2,"3":3,"4":2,"5":1},"b":{},"_coverageSchema":"1a1c01bbd47fc00a2c39e90264f33305004495a9","hash":"092948fe24a36c43c0232d2536827797f4b390eb"}
,"/Users/bradduderstadt/Dev/first-source/LotCheck/src/utils/uuid.ts": {"path":"/Users/bradduderstadt/Dev/first-source/LotCheck/src/utils/uuid.ts","statementMap":{"0":{"start":{"line":2,"column":2},"end":{"line":5,"column":5}},"1":{"start":{"line":3,"column":14},"end":{"line":3,"column":38}},"2":{"start":{"line":4,"column":4},"end":{"line":4,"column":58}}},"fnMap":{"0":{"name":"generateId","decl":{"start":{"line":1,"column":16},"end":{"line":1,"column":26}},"loc":{"start":{"line":1,"column":37},"end":{"line":6,"column":1}},"line":1},"1":{"name":"(anonymous_1)","decl":{"start":{"line":2,"column":65},"end":{"line":2,"column":66}},"loc":{"start":{"line":2,"column":70},"end":{"line":5,"column":3}},"line":2}},"branchMap":{"0":{"loc":{"start":{"line":4,"column":12},"end":{"line":4,"column":43}},"type":"cond-expr","locations":[{"start":{"line":4,"column":24},"end":{"line":4,"column":25}},{"start":{"line":4,"column":28},"end":{"line":4,"column":43}}],"line":4}},"s":{"0":27,"1":837,"2":837},"f":{"0":27,"1":837},"b":{"0":[810,27]},"_coverageSchema":"1a1c01bbd47fc00a2c39e90264f33305004495a9","hash":"5d57b3a23fea26d9ab7716dab19787b218b7657d"}
,"/Users/bradduderstadt/Dev/first-source/LotCheck/src/utils/verdict.ts": {"path":"/Users/bradduderstadt/Dev/first-source/LotCheck/src/utils/verdict.ts","statementMap":{"0":{"start":{"line":4,"column":18},"end":{"line":4,"column":46}},"1":{"start":{"line":4,"column":36},"end":{"line":4,"column":45}},"2":{"start":{"line":5,"column":24},"end":{"line":5,"column":91}},"3":{"start":{"line":5,"column":44},"end":{"line":5,"column":83}},"4":{"start":{"line":6,"column":25},"end":{"line":6,"column":92}},"5":{"start":{"line":6,"column":45},"end":{"line":6,"column":84}},"6":{"start":{"line":7,"column":20},"end":{"line":7,"column":58}},"7":{"start":{"line":7,"column":40},"end":{"line":7,"column":50}},"8":{"start":{"line":9,"column":25},"end":{"line":9,"column":31}},"9":{"start":{"line":10,"column":2},"end":{"line":11,"column":51}},"10":{"start":{"line":10,"column":25},"end":{"line":10,"column":47}},"11":{"start":{"line":11,"column":7},"end":{"line":11,"column":51}},"12":{"start":{"line":11,"column":31},"end":{"line":11,"column":51}},"13":{"start":{"line":13,"column":2},"end":{"line":13,"column":119}},"14":{"start":{"line":17,"column":2},"end":{"line":21,"column":3}},"15":{"start":{"line":18,"column":22},"end":{"line":18,"column":42}},"16":{"start":{"line":19,"column":22},"end":{"line":19,"column":52}},"17":{"start":{"line":20,"column":22},"end":{"line":20,"column":41}}},"fnMap":{"0":{"name":"computeSummary","decl":{"start":{"line":3,"column":16},"end":{"line":3,"column":30}},"loc":{"start":{"line":3,"column":75},"end":{"line":14,"column":1}},"line":3},"1":{"name":"(anonymous_1)","decl":{"start":{"line":4,"column":31},"end":{"line":4,"column":32}},"loc":{"start":{"line":4,"column":36},"end":{"line":4,"column":45}},"line":4},"2":{"name":"(anonymous_2)","decl":{"start":{"line":5,"column":39},"end":{"line":5,"column":40}},"loc":{"start":{"line":5,"column":44},"end":{"line":5,"column":83}},"line":5},"3":{"name":"(anonymous_3)","decl":{"start":{"line":6,"column":40},"end":{"line":6,"column":41}},"loc":{"start":{"line":6,"column":45},"end":{"line":6,"column":84}},"line":6},"4":{"name":"(anonymous_4)","decl":{"start":{"line":7,"column":35},"end":{"line":7,"column":36}},"loc":{"start":{"line":7,"column":40},"end":{"line":7,"column":50}},"line":7},"5":{"name":"verdictLabel","decl":{"start":{"line":16,"column":16},"end":{"line":16,"column":28}},"loc":{"start":{"line":16,"column":55},"end":{"line":22,"column":1}},"line":16}},"branchMap":{"0":{"loc":{"start":{"line":5,"column":44},"end":{"line":5,"column":83}},"type":"binary-expr","locations":[{"start":{"line":5,"column":44},"end":{"line":5,"column":53}},{"start":{"line":5,"column":57},"end":{"line":5,"column":83}}],"line":5},"1":{"loc":{"start":{"line":6,"column":45},"end":{"line":6,"column":84}},"type":"binary-expr","locations":[{"start":{"line":6,"column":45},"end":{"line":6,"column":54}},{"start":{"line":6,"column":58},"end":{"line":6,"column":84}}],"line":6},"2":{"loc":{"start":{"line":10,"column":2},"end":{"line":11,"column":51}},"type":"if","locations":[{"start":{"line":10,"column":2},"end":{"line":11,"column":51}},{"start":{"line":11,"column":7},"end":{"line":11,"column":51}}],"line":10},"3":{"loc":{"start":{"line":11,"column":7},"end":{"line":11,"column":51}},"type":"if","locations":[{"start":{"line":11,"column":7},"end":{"line":11,"column":51}},{"start":{},"end":{}}],"line":11},"4":{"loc":{"start":{"line":17,"column":2},"end":{"line":21,"column":3}},"type":"switch","locations":[{"start":{"line":18,"column":4},"end":{"line":18,"column":42}},{"start":{"line":19,"column":4},"end":{"line":19,"column":52}},{"start":{"line":20,"column":4},"end":{"line":20,"column":41}}],"line":17}},"s":{"0":10,"1":17,"2":10,"3":14,"4":10,"5":14,"6":10,"7":14,"8":10,"9":10,"10":4,"11":6,"12":2,"13":10,"14":3,"15":1,"16":1,"17":1},"f":{"0":10,"1":17,"2":14,"3":14,"4":14,"5":3},"b":{"0":[14,9],"1":[14,9],"2":[4,6],"3":[2,4],"4":[1,1,1]},"_coverageSchema":"1a1c01bbd47fc00a2c39e90264f33305004495a9","hash":"dc165f72c3a5873e0f85da85f943df66cf084303"}
}
