TN:
SF:src/stores/inspectionStore.ts
FN:20,(anonymous_0)
FN:24,(anonymous_1)
FN:31,(anonymous_2)
FN:35,(anonymous_3)
FN:36,(anonymous_4)
FN:38,(anonymous_5)
FN:41,(anonymous_6)
FN:56,(anonymous_7)
FN:59,(anonymous_8)
FN:60,(anonymous_9)
FN:68,(anonymous_10)
FN:69,(anonymous_11)
FN:71,(anonymous_12)
FN:75,(anonymous_13)
FN:77,(anonymous_14)
FNF:15
FNH:15
FNDA:1,(anonymous_0)
FNDA:18,(anonymous_1)
FNDA:18,(anonymous_2)
FNDA:11,(anonymous_3)
FNDA:11,(anonymous_4)
FNDA:3,(anonymous_5)
FNDA:2,(anonymous_6)
FNDA:4,(anonymous_7)
FNDA:4,(anonymous_8)
FNDA:4,(anonymous_9)
FNDA:3,(anonymous_10)
FNDA:3,(anonymous_11)
FNDA:4,(anonymous_12)
FNDA:5,(anonymous_13)
FNDA:1,(anonymous_14)
DA:18,1
DA:20,1
DA:25,18
DA:31,18
DA:32,18
DA:36,11
DA:37,11
DA:38,11
DA:40,11
DA:41,2
DA:42,2
DA:45,9
DA:50,9
DA:52,11
DA:57,4
DA:58,4
DA:59,4
DA:61,4
DA:69,3
DA:70,3
DA:71,4
DA:75,5
DA:77,1
LF:23
LH:23
BRDA:37,0,0,11
BRDA:37,0,1,8
BRDA:40,1,0,2
BRDA:40,1,1,9
BRDA:42,2,0,2
BRDA:42,2,1,0
BRDA:57,3,0,4
BRDA:57,3,1,1
BRDA:61,4,0,4
BRDA:61,4,1,0
BRDA:75,5,0,5
BRDA:75,5,1,1
BRF:12
BRH:10
end_of_record
TN:
SF:src/stores/purchaseStore.ts
FN:15,(anonymous_0)
FN:18,(anonymous_1)
FN:19,(anonymous_2)
FN:21,(anonymous_3)
FN:23,(anonymous_4)
FN:26,(anonymous_5)
FNF:6
FNH:6
FNDA:1,(anonymous_0)
FNDA:2,(anonymous_1)
FNDA:2,(anonymous_2)
FNDA:3,(anonymous_3)
FNDA:2,(anonymous_4)
FNDA:1,(anonymous_5)
DA:13,1
DA:15,1
DA:19,2
DA:22,3
DA:23,3
DA:26,1
LF:6
LH:6
BRF:0
BRH:0
end_of_record
TN:
SF:src/utils/uuid.ts
FN:1,generateId
FN:2,(anonymous_1)
FNF:2
FNH:2
FNDA:27,generateId
FNDA:837,(anonymous_1)
DA:2,27
DA:3,837
DA:4,837
LF:3
LH:3
BRDA:4,0,0,810
BRDA:4,0,1,27
BRF:2
BRH:2
end_of_record
TN:
SF:src/utils/verdict.ts
FN:3,computeSummary
FN:4,(anonymous_1)
FN:5,(anonymous_2)
FN:6,(anonymous_3)
FN:7,(anonymous_4)
FN:16,verdictLabel
FNF:6
FNH:6
FNDA:10,computeSummary
FNDA:17,(anonymous_1)
FNDA:14,(anonymous_2)
FNDA:14,(anonymous_3)
FNDA:14,(anonymous_4)
FNDA:3,verdictLabel
DA:4,17
DA:5,14
DA:6,14
DA:7,14
DA:9,10
DA:10,10
DA:11,6
DA:13,10
DA:17,3
DA:18,1
DA:19,1
DA:20,1
LF:12
LH:12
BRDA:5,0,0,14
BRDA:5,0,1,9
BRDA:6,1,0,14
BRDA:6,1,1,9
BRDA:10,2,0,4
BRDA:10,2,1,6
BRDA:11,3,0,2
BRDA:11,3,1,4
BRDA:17,4,0,1
BRDA:17,4,1,1
BRDA:17,4,2,1
BRF:11
BRH:11
end_of_record
